[  175234ms] [ERROR] A tree hydrated but some attributes of the server rendered HTML didn't match the client properties. This won't be patched up. This can happen if a SSR-ed Client Component used:

- A server/client branch `if (typeof window !== 'undefined')`.
- Variable input such as `Date.now()` or `Math.random()` which changes each time it's called.
- Date formatting in a user's locale which doesn't match the server.
- External changing data without sending a snapshot of it along with the HTML.
- Invalid HTML tag nesting.

It can also happen if the client has a browser extension installed which messes with the HTML before React loaded.

%s%s https://react.dev/link/hydration-mismatch 

  ...
    <div data-slot="sidebar-wr..." style={{...}} className="group/side...">
      ...
        <div ref={function bound dispatchSetState} style={{minWidth:"...", ...}}>
          ...
            <CollapsibleProvider scope={undefined} disabled={undefined} contentId="radix-_R_p..." open={false} ...>
              <Primitive.div data-state="closed" data-disabled={undefined} data-slot="collapsible" ...>
                <div data-state="closed" data-disabled={undefined} data-slot="collapsible" className="group/coll..." ...>
                  <SidebarGroup>
                    <div data-slot="sidebar-group" data-sidebar="group" className="relative f...">
                      <SidebarGroupLabel asChild={true}>
                        <Slot.Slot data-slot="sidebar-gr..." data-sidebar="group-label" className={"flex h-8..."}>
                          <Slot.SlotClone data-slot="sidebar-gr..." data-sidebar="group-label" className={"flex h-8..."} ...>
                            <CollapsibleTrigger className={"flex h-8..."} data-slot="sidebar-gr..." ...>
                              <CollapsibleTrigger data-slot="sidebar-gr..." className={"flex h-8..."} ...>
                                <Primitive.button type="button" aria-controls="radix-_R_p..." aria-expanded={false} ...>
                                  <button
                                    type="button"
+                                   aria-controls="radix-_R_pecndlb_"
-                                   aria-controls="radix-_R_35pkndlb_"
                                    aria-expanded={false}
                                    data-state="closed"
                                    data-disabled={undefined}
                                    disabled={undefined}
                                    data-slot="sidebar-group-label"
                                    className={"flex h-8 shrink-0 items-center rounded-md px-2 text-xs font-medium te..."}
                                    data-sidebar="group-label"
                                    onClick={function handleEvent}
                                    ref={null}
                                  >
                      <CollapsibleContent>
                        <CollapsibleContent data-slot="collapsibl...">
                          <Presence present={false}>
                            <Primitive.div data-state="closed" data-disabled={undefined} id="radix-_R_p..." hidden={true} ...>
                              <div
                                data-state="closed"
                                data-disabled={undefined}
+                               id="radix-_R_pecndlb_"
-                               id="radix-_R_35pkndlb_"
                                hidden={true}
                                data-slot="collapsible-content"
                                style={{--radix-collapsible-content-height:undefined, ...}}
                                ref={function}
                              >
          ...
            <CollapsibleProvider scope={undefined} disabled={undefined} contentId="radix-_R_1..." open={true} ...>
              <Primitive.div data-state="open" data-disabled={undefined} data-slot="collapsible" ...>
                <div data-state="open" data-disabled={undefined} data-slot="collapsible" className="group/coll..." ...>
                  <SidebarGroup>
                    <div data-slot="sidebar-group" data-sidebar="group" className="relative f...">
                      <SidebarGroupLabel asChild={true}>
                        <Slot.Slot data-slot="sidebar-gr..." data-sidebar="group-label" className={"flex h-8..."}>
                          <Slot.SlotClone data-slot="sidebar-gr..." data-sidebar="group-label" className={"flex h-8..."} ...>
                            <CollapsibleTrigger className={"flex h-8..."} data-slot="sidebar-gr..." ...>
                              <CollapsibleTrigger data-slot="sidebar-gr..." className={"flex h-8..."} ...>
                                <Primitive.button type="button" aria-controls="radix-_R_1..." aria-expanded={true} ...>
                                  <button
                                    type="button"
+                                   aria-controls="radix-_R_19ecndlb_"
-                                   aria-controls="radix-_R_55pkndlb_"
                                    aria-expanded={true}
                                    data-state="open"
                                    data-disabled={undefined}
                                    disabled={undefined}
                                    data-slot="sidebar-group-label"
                                    className={"flex h-8 shrink-0 items-center rounded-md px-2 text-xs font-medium te..."}
                                    data-sidebar="group-label"
                                    onClick={function handleEvent}
                                    ref={null}
                                  >
                      <CollapsibleContent>
                        <CollapsibleContent data-slot="collapsibl...">
                          <Presence present={true}>
                            <Primitive.div data-state="open" data-disabled={undefined} id="radix-_R_1..." hidden={false} ...>
                              <div
                                data-state="open"
                                data-disabled={undefined}
+                               id="radix-_R_19ecndlb_"
-                               id="radix-_R_55pkndlb_"
                                hidden={false}
                                data-slot="collapsible-content"
                                style={{--radix-collapsible-content-height:undefined, ...}}
                                ref={function}
                              >
          ...
            <CollapsibleProvider scope={undefined} disabled={undefined} contentId="radix-_R_1..." open={false} ...>
              <Primitive.div data-state="closed" data-disabled={undefined} data-slot="collapsible" ...>
                <div data-state="closed" data-disabled={undefined} data-slot="collapsible" className="group/coll..." ...>
                  <SidebarGroup>
                    <div data-slot="sidebar-group" data-sidebar="group" className="relative f...">
                      <SidebarGroupLabel asChild={true}>
                        <Slot.Slot data-slot="sidebar-gr..." data-sidebar="group-label" className={"flex h-8..."}>
                          <Slot.SlotClone data-slot="sidebar-gr..." data-sidebar="group-label" className={"flex h-8..."} ...>
                            <CollapsibleTrigger className={"flex h-8..."} data-slot="sidebar-gr..." ...>
                              <CollapsibleTrigger data-slot="sidebar-gr..." className={"flex h-8..."} ...>
                                <Primitive.button type="button" aria-controls="radix-_R_1..." aria-expanded={false} ...>
                                  <button
                                    type="button"
+                                   aria-controls="radix-_R_1pecndlb_"
-                                   aria-controls="radix-_R_75pkndlb_"
                                    aria-expanded={false}
                                    data-state="closed"
                                    data-disabled={undefined}
                                    disabled={undefined}
                                    data-slot="sidebar-group-label"
                                    className={"flex h-8 shrink-0 items-center rounded-md px-2 text-xs font-medium te..."}
                                    data-sidebar="group-label"
                                    onClick={function handleEvent}
                                    ref={null}
                                  >
                      <CollapsibleContent>
                        <CollapsibleContent data-slot="collapsibl...">
                          <Presence present={false}>
                            <Primitive.div data-state="closed" data-disabled={undefined} id="radix-_R_1..." hidden={true} ...>
                              <div
                                data-state="closed"
                                data-disabled={undefined}
+                               id="radix-_R_1pecndlb_"
-                               id="radix-_R_75pkndlb_"
                                hidden={true}
                                data-slot="collapsible-content"
                                style={{--radix-collapsible-content-height:undefined, ...}}
                                ref={function}
                              >
          ...
            <CollapsibleProvider scope={undefined} disabled={undefined} contentId="radix-_R_2..." open={false} ...>
              <Primitive.div data-state="closed" data-disabled={undefined} data-slot="collapsible" ...>
                <div data-state="closed" data-disabled={undefined} data-slot="collapsible" className="group/coll..." ...>
                  <SidebarGroup>
                    <div data-slot="sidebar-group" data-sidebar="group" className="relative f...">
                      <SidebarGroupLabel asChild={true}>
                        <Slot.Slot data-slot="sidebar-gr..." data-sidebar="group-label" className={"flex h-8..."}>
                          <Slot.SlotClone data-slot="sidebar-gr..." data-sidebar="group-label" className={"flex h-8..."} ...>
                            <CollapsibleTrigger className={"flex h-8..."} data-slot="sidebar-gr..." ...>
                              <CollapsibleTrigger data-slot="sidebar-gr..." className={"flex h-8..."} ...>
                                <Primitive.button type="button" aria-controls="radix-_R_2..." aria-expanded={false} ...>
                                  <button
                                    type="button"
+                                   aria-controls="radix-_R_29ecndlb_"
-                                   aria-controls="radix-_R_95pkndlb_"
                                    aria-expanded={false}
                                    data-state="closed"
                                    data-disabled={undefined}
                                    disabled={undefined}
                                    data-slot="sidebar-group-label"
                                    className={"flex h-8 shrink-0 items-center rounded-md px-2 text-xs font-medium te..."}
                                    data-sidebar="group-label"
                                    onClick={function handleEvent}
                                    ref={null}
                                  >
                      <CollapsibleContent>
                        <CollapsibleContent data-slot="collapsibl...">
                          <Presence present={false}>
                            <Primitive.div data-state="closed" data-disabled={undefined} id="radix-_R_2..." hidden={true} ...>
                              <div
                                data-state="closed"
                                data-disabled={undefined}
+                               id="radix-_R_29ecndlb_"
-                               id="radix-_R_95pkndlb_"
                                hidden={true}
                                data-slot="collapsible-content"
                                style={{--radix-collapsible-content-height:undefined, ...}}
                                ref={function}
                              >
      ...
        <MenuProvider scope={{Menu:[...], ...}} onClose={function Menu.useCallback} isUsingKeyboardRef={{current:false}} ...>
          <DropdownMenuTrigger asChild={true}>
            <DropdownMenuTrigger data-slot="dropdown-m..." asChild={true}>
              <MenuAnchor asChild={true} __scopeMenu={{Menu:[...], ...}}>
                <PopperAnchor __scopePopper={{Menu:[...], ...}} asChild={true} ref={null}>
                  <Primitive.div asChild={true} ref={function}>
                    <Primitive.div.Slot ref={function}>
                      <Primitive.div.SlotClone ref={function}>
                        <Primitive.button type="button" id="radix-_R_h..." aria-haspopup="menu" aria-expanded={false} ...>
                          <Primitive.button.Slot type="button" id="radix-_R_h..." aria-haspopup="menu" ...>
                            <Primitive.button.SlotClone type="button" id="radix-_R_h..." aria-haspopup="menu" ...>
                              <Button variant="ghost" className="relative h..." type="button" id="radix-_R_h..." ...>
                                <button
                                  data-slot="dropdown-menu-trigger"
                                  data-variant="ghost"
                                  data-size="default"
                                  className={"inline-flex shrink-0 items-center justify-center gap-2 text-sm font-med..."}
                                  type="button"
+                                 id="radix-_R_hkndlb_"
-                                 id="radix-_R_26kndlb_"
                                  aria-haspopup="menu"
                                  aria-expanded={false}
                                  aria-controls={undefined}
                                  data-state="closed"
                                  data-disabled={undefined}
                                  disabled={false}
                                  onPointerDown={function handleEvent}
                                  onKeyDown={function handleEvent}
                                  ref={function}
                                >
          ...
 @ http://localhost:3060/_next/static/chunks/node_modules_next_dist_f3530cac._.js:3127
