[     255ms] Error: Hydration failed because the server rendered HTML didn't match the client. As a result this tree will be regenerated on the client. This can happen if a SSR-ed Client Component used:

- A server/client branch `if (typeof window !== 'undefined')`.
- Variable input such as `Date.now()` or `Math.random()` which changes each time it's called.
- Date formatting in a user's locale which doesn't match the server.
- External changing data without sending a snapshot of it along with the HTML.
- Invalid HTML tag nesting.

It can also happen if the client has a browser extension installed which messes with the HTML before React loaded.

https://react.dev/link/hydration-mismatch

  ...
    <DashboardLayout>
      <SidebarProvider>
        ...
          <TooltipProvider data-slot="tooltip-pr..." delayDuration={0}>
            <TooltipProviderProvider scope={undefined} isOpenDelayedRef={{current:true}} delayDuration={0} ...>
              <div data-slot="sidebar-wr..." style={{...}} className="group/side...">
                <AppSidebar>
                  <Sidebar collapsible="icon">
                    <div className="group peer..." data-state="expanded" data-collapsible="" data-variant="sidebar" ...>
                      <div>
                      <div data-slot="sidebar-co..." className="fixed inse...">
                        <div data-sidebar="sidebar" data-slot="sidebar-inner" className="flex h-ful...">
                          <SidebarHeader>
                          <div className="px-4 pb-2">
                            <div className="rounded-lg...">
                              <p>
                              <p>
                              <a
                                href="https://credits.scaleplus.gg/"
                                target="_blank"
                                rel="noopener noreferrer"
+                               className="mt-2 flex w-full items-center justify-center gap-2 px-3 py-2 text-xs font-s..."
-                               className={"inline-flex shrink-0 items-center justify-center font-medium whitespace-n..."}
                                style={{
+                                 backgroundColor: "#ffffff"
+                                 color: "#1a1a1a"
+                                 border: "1px solid rgba(255,255,255,0.3)"
                                }}
-                               data-slot="button"
-                               data-variant="outline"
-                               data-size="sm"
                              >
                                <Wallet className="h-3.5 w-3.5" style={{color:"#1a..."}}>
                                  <svg
                                    ref={null}
                                    xmlns="http://www.w3.org/2000/svg"
                                    width={24}
                                    height={24}
                                    viewBox="0 0 24 24"
                                    fill="none"
                                    stroke="currentColor"
                                    strokeWidth={2}
                                    strokeLinecap="round"
                                    strokeLinejoin="round"
                                    className="lucide lucide-wallet h-3.5 w-3.5"
                                    aria-hidden="true"
+                                   style={{color:"#1a1a1a"}}
-                                   style={{}}
                                  >
+                               <span style={{color:"#1a1a1a"}}>
-                               Credit Wallet
                          ...
                          ...
                ...

    at throwOnHydrationMismatch (http://localhost:3060/_next/static/chunks/node_modules_next_dist_compiled_react-dom_058-ah~._.js:3318:56)
    at beginWork (http://localhost:3060/_next/static/chunks/node_modules_next_dist_compiled_react-dom_058-ah~._.js:6758:918)
    at runWithFiberInDEV (http://localhost:3060/_next/static/chunks/node_modules_next_dist_compiled_react-dom_058-ah~._.js:965:74)
    at performUnitOfWork (http://localhost:3060/_next/static/chunks/node_modules_next_dist_compiled_react-dom_058-ah~._.js:9555:97)
    at workLoopConcurrentByScheduler (http://localhost:3060/_next/static/chunks/node_modules_next_dist_compiled_react-dom_058-ah~._.js:9551:58)
    at renderRootConcurrent (http://localhost:3060/_next/static/chunks/node_modules_next_dist_compiled_react-dom_058-ah~._.js:9534:71)
    at performWorkOnRoot (http://localhost:3060/_next/static/chunks/node_modules_next_dist_compiled_react-dom_058-ah~._.js:9061:150)
    at performWorkOnRootViaSchedulerTask (http://localhost:3060/_next/static/chunks/node_modules_next_dist_compiled_react-dom_058-ah~._.js:10255:9)
    at MessagePort.performWorkUntilDeadline (http://localhost:3060/_next/static/chunks/node_modules_next_dist_compiled_0rpq4pf._.js:2647:64)
